  main.cpp
LINK : warning LNK4098: defaultlib 'LIBCMT' conflicts with use of other libs; use /NODEFAULTLIB:library
LINK : warning LNK4098: defaultlib 'MSVCRT' conflicts with use of other libs; use /NODEFAULTLIB:library
GraphicsLibrary.lib(Collection.obj) : warning LNK4049: locally defined symbol __glewBindBuffer imported
GraphicsLibrary.lib(Collection.obj) : warning LNK4049: locally defined symbol __glewBufferData imported
GraphicsLibrary.lib(Collection.obj) : warning LNK4049: locally defined symbol __glewDeleteBuffers imported
GraphicsLibrary.lib(Collection.obj) : warning LNK4049: locally defined symbol __glewGenBuffers imported
GraphicsLibrary.lib(Collection.obj) : warning LNK4049: locally defined symbol __glewEnableVertexAttribArray imported
GraphicsLibrary.lib(Collection.obj) : warning LNK4049: locally defined symbol __glewVertexAttribPointer imported
GraphicsLibrary.lib(Collection.obj) : warning LNK4049: locally defined symbol __glewBindVertexArray imported
GraphicsLibrary.lib(Collection.obj) : warning LNK4049: locally defined symbol __glewDeleteVertexArrays imported
GraphicsLibrary.lib(Collection.obj) : warning LNK4049: locally defined symbol __glewGenVertexArrays imported
GraphicsLibrary.lib(ShaderProgram.obj) : warning LNK4049: locally defined symbol __glewAttachShader imported
GraphicsLibrary.lib(ShaderProgram.obj) : warning LNK4049: locally defined symbol __glewCompileShader imported
GraphicsLibrary.lib(ShaderProgram.obj) : warning LNK4049: locally defined symbol __glewCreateProgram imported
GraphicsLibrary.lib(ShaderProgram.obj) : warning LNK4049: locally defined symbol __glewCreateShader imported
GraphicsLibrary.lib(ShaderProgram.obj) : warning LNK4049: locally defined symbol __glewDeleteProgram imported
GraphicsLibrary.lib(ShaderProgram.obj) : warning LNK4049: locally defined symbol __glewDeleteShader imported
GraphicsLibrary.lib(ShaderProgram.obj) : warning LNK4049: locally defined symbol __glewGetProgramInfoLog imported
GraphicsLibrary.lib(ShaderProgram.obj) : warning LNK4049: locally defined symbol __glewGetProgramiv imported
GraphicsLibrary.lib(ShaderProgram.obj) : warning LNK4049: locally defined symbol __glewGetShaderInfoLog imported
GraphicsLibrary.lib(ShaderProgram.obj) : warning LNK4049: locally defined symbol __glewGetShaderiv imported
GraphicsLibrary.lib(ShaderProgram.obj) : warning LNK4049: locally defined symbol __glewLinkProgram imported
GraphicsLibrary.lib(ShaderProgram.obj) : warning LNK4049: locally defined symbol __glewShaderSource imported
GraphicsLibrary.lib(ShaderProgram.obj) : warning LNK4049: locally defined symbol __glewUseProgram imported
GraphicsLibrary.lib(glew.obj) : warning LNK4099: PDB 'glew_static.pdb' was not found with 'GraphicsLibrary.lib(glew.obj)' or at 'D:\Bus Driver\Source\BusDriver\BusDriver\x64\Debug\glew_static.pdb'; linking object as if no debug info
  BusDriver.vcxproj -> D:\Bus Driver\Source\BusDriver\BusDriver\x64\Debug\BusDriver.exe
